<?xml version="1.0" encoding="UTF-8"?>
<testsuite name="pl.polsl.traini.TrainiApplicationTests" tests="1" skipped="0" failures="0" errors="0" timestamp="2023-11-18T14:30:42" hostname="DESKTOP-6BI803D" time="0.693">
  <properties/>
  <testcase name="contextLoads()" classname="pl.polsl.traini.TrainiApplicationTests" time="0.693"/>
  <system-out><![CDATA[15:30:41.659 [Test worker] INFO org.springframework.test.context.support.AnnotationConfigContextLoaderUtils -- Could not detect default configuration classes for test class [pl.polsl.traini.TrainiApplicationTests]: TrainiApplicationTests does not declare any static, non-private, non-final, nested classes annotated with @Configuration.
15:30:41.727 [Test worker] INFO org.springframework.boot.test.context.SpringBootTestContextBootstrapper -- Found @SpringBootConfiguration pl.polsl.traini.TrainiApplication for test class pl.polsl.traini.TrainiApplicationTests

  .   ____          _            __ _ _
 /\\ / ___'_ __ _ _(_)_ __  __ _ \ \ \ \
( ( )\___ | '_ | '_| | '_ \/ _` | \ \ \ \
 \\/  ___)| |_)| | | | | || (_| |  ) ) ) )
  '  |____| .__|_| |_|_| |_\__, | / / / /
 =========|_|==============|___/=/_/_/_/
 :: Spring Boot ::                (v3.1.5)

2023-11-18T15:30:41.962+01:00  INFO 33712 --- [    Test worker] pl.polsl.traini.TrainiApplicationTests   : Starting TrainiApplicationTests using Java 21.0.1 with PID 33712 (started by Papryś in D:\TrainiBackend\Traini)
2023-11-18T15:30:41.963+01:00  INFO 33712 --- [    Test worker] pl.polsl.traini.TrainiApplicationTests   : No active profile set, falling back to 1 default profile: "default"
2023-11-18T15:30:42.340+01:00  INFO 33712 --- [    Test worker] pl.polsl.traini.TrainiApplicationTests   : Started TrainiApplicationTests in 0.508 seconds (process running for 1.28)
]]></system-out>
  <system-err><![CDATA[WARNING: A Java agent has been loaded dynamically (C:\Users\Papry?\.gradle\caches\modules-2\files-2.1\net.bytebuddy\byte-buddy-agent\1.14.9\dfb8707031008535048bad2b69735f46d0b6c5e5\byte-buddy-agent-1.14.9.ja)
WARNING: If a serviceability tool is in use, please run with -XX:+EnableDynamicAgentLoading to hide this warning
WARNING: If a serviceability tool is not in use, please run with -Djdk.instrument.traceUsage for more information
WARNING: Dynamic loading of agents will be disallowed by default in a future release
]]></system-err>
</testsuite>
